\BOOKMARK [0][-]{chapter*.1}{\376\377\000A\000b\000s\000t\000r\000a\000c\000t}{}% 1
\BOOKMARK [0][-]{chapter.1}{\376\377\000I\000n\000t\000r\000o\000d\000u\000c\000t\000i\000o\000n}{}% 2
\BOOKMARK [1][-]{section.1.1}{\376\377\000P\000r\000o\000j\000e\000c\000t\000\040\000O\000b\000j\000e\000c\000t\000i\000v\000e\000s}{chapter.1}% 3
\BOOKMARK [1][-]{section.1.2}{\376\377\000T\000o\000o\000l\000s\000\040\000u\000s\000e\000d}{chapter.1}% 4
\BOOKMARK [1][-]{section.1.3}{\376\377\000T\000h\000e\000\040\000D\000L\000X\000\040\000M\000i\000c\000r\000o\000p\000r\000o\000c\000e\000s\000s\000o\000r}{chapter.1}% 5
\BOOKMARK [2][-]{subsection.1.3.1}{\376\377\000D\000L\000X\000\040\000A\000r\000c\000h\000i\000t\000e\000c\000t\000u\000r\000e}{section.1.3}% 6
\BOOKMARK [2][-]{subsection.1.3.2}{\376\377\000I\000n\000s\000t\000r\000u\000c\000t\000i\000o\000n\000\040\000S\000e\000t}{section.1.3}% 7
\BOOKMARK [2][-]{subsection.1.3.3}{\376\377\000D\000L\000X\000\040\000B\000a\000s\000e\000\040\000V\000e\000r\000s\000i\000o\000n}{section.1.3}% 8
\BOOKMARK [1][-]{section.1.4}{\376\377\000D\000L\000X\000\040\000P\000r\000o\000\040\000F\000e\000a\000t\000u\000r\000e\000s}{chapter.1}% 9
\BOOKMARK [0][-]{chapter.2}{\376\377\000D\000L\000X\000\040\000P\000r\000o\000j\000e\000c\000t\000\040\000S\000t\000r\000u\000c\000t\000u\000r\000e}{}% 10
\BOOKMARK [1][-]{section.2.1}{\376\377\000C\000o\000n\000t\000r\000o\000l\000\040\000U\000n\000i\000t}{chapter.2}% 11
\BOOKMARK [2][-]{subsection.2.1.1}{\376\377\000C\000o\000n\000t\000r\000o\000l\000\040\000W\000o\000r\000d}{section.2.1}% 12
\BOOKMARK [1][-]{section.2.2}{\376\377\000D\000a\000t\000a\000p\000a\000t\000h}{chapter.2}% 13
\BOOKMARK [2][-]{subsection.2.2.1}{\376\377\000F\000e\000t\000c\000h\000\040\000S\000t\000a\000g\000e}{section.2.2}% 14
\BOOKMARK [2][-]{subsection.2.2.2}{\376\377\000D\000e\000c\000o\000d\000e\000\040\000S\000t\000a\000g\000e}{section.2.2}% 15
\BOOKMARK [2][-]{subsection.2.2.3}{\376\377\000E\000x\000e\000c\000u\000t\000e\000\040\000S\000t\000a\000g\000e}{section.2.2}% 16
\BOOKMARK [2][-]{subsection.2.2.4}{\376\377\000M\000e\000m\000o\000r\000y\000\040\000a\000n\000d\000\040\000W\000r\000i\000t\000e\000\040\000B\000a\000c\000k\000\040\000S\000t\000a\000g\000e}{section.2.2}% 17
\BOOKMARK [2][-]{subsection.2.2.5}{\376\377\000F\000o\000r\000w\000a\000r\000d\000i\000n\000g\000\040\000U\000n\000i\000t}{section.2.2}% 18
\BOOKMARK [1][-]{section.2.3}{\376\377\000S\000i\000m\000u\000l\000a\000t\000i\000o\000n\000,\000\040\000S\000y\000n\000t\000h\000e\000s\000i\000s\000\040\000a\000n\000d\000\040\000P\000h\000y\000s\000i\000c\000a\000l\000\040\000D\000e\000s\000i\000g\000n}{chapter.2}% 19
\BOOKMARK [0][-]{chapter.3}{\376\377\000S\000y\000n\000t\000h\000e\000s\000y\000s}{}% 20
\BOOKMARK [1][-]{section.3.1}{\376\377\000S\000y\000n\000t\000h\000e\000s\000i\000s\000\040\000P\000r\000o\000c\000e\000s\000s}{chapter.3}% 21
\BOOKMARK [1][-]{section.3.2}{\376\377\000R\000e\000s\000u\000l\000t\000s}{chapter.3}% 22
\BOOKMARK [0][-]{chapter.4}{\376\377\000P\000h\000y\000s\000i\000c\000a\000l\000\040\000D\000e\000s\000i\000g\000n}{}% 23
\BOOKMARK [1][-]{section.4.1}{\376\377\000R\000e\000s\000u\000l\000t\000s}{chapter.4}% 24
\BOOKMARK [2][-]{subsection.4.1.1}{\376\377\000A\000r\000e\000a\000\040\000a\000n\000d\000\040\000G\000a\000t\000e\000\040\000C\000o\000u\000n\000t}{section.4.1}% 25
\BOOKMARK [2][-]{subsection.4.1.2}{\376\377\000T\000i\000m\000i\000n\000g\000\040\000A\000n\000a\000l\000y\000s\000i\000s}{section.4.1}% 26
\BOOKMARK [2][-]{subsection.4.1.3}{\376\377\000C\000o\000n\000c\000l\000u\000s\000i\000o\000n}{section.4.1}% 27
\BOOKMARK [0][-]{chapter.5}{\376\377\000T\000o\000o\000l\000s\000\040\000a\000n\000d\000\040\000S\000c\000r\000i\000p\000t\000s}{}% 28
\BOOKMARK [1][-]{section.5.1}{\376\377\000D\000o\000c\000k\000e\000r\000\040\000C\000o\000n\000t\000a\000i\000n\000e\000r}{chapter.5}% 29
\BOOKMARK [1][-]{section.5.2}{\376\377\000M\000a\000r\000l\000e\000y}{chapter.5}% 30
\BOOKMARK [2][-]{subsection.5.2.1}{\376\377\000P\000u\000p\000i}{section.5.2}% 31
\BOOKMARK [2][-]{subsection.5.2.2}{\376\377\000B\000r\000i\000c\000i\000o\000l\000a}{section.5.2}% 32
\BOOKMARK [2][-]{subsection.5.2.3}{\376\377\000S\000c\000o\000r\000z\000e\000t\000t\000a}{section.5.2}% 33
\BOOKMARK [2][-]{subsection.5.2.4}{\376\377\000B\000o\000h}{section.5.2}% 34
\BOOKMARK [2][-]{subsection.5.2.5}{\376\377\000C\000a\000s\000s\000i\000o\000p\000e\000i\000a}{section.5.2}% 35
\BOOKMARK [0][-]{chapter.6}{\376\377\000C\000o\000n\000c\000l\000u\000s\000i\000o\000n\000s}{}% 36
\BOOKMARK [1][-]{section.6.1}{\376\377\000F\000u\000r\000t\000h\000e\000r\000\040\000W\000o\000r\000k}{chapter.6}% 37
\BOOKMARK [0][-]{appendix.A}{\376\377\000D\000L\000X\000\040\000V\000H\000D\000L\000\040\000C\000o\000d\000e}{}% 38
\BOOKMARK [1][-]{section.A.1}{\376\377\000C\000o\000n\000t\000r\000o\000l\000\040\000u\000n\000i\000t}{appendix.A}% 39
\BOOKMARK [1][-]{section.A.2}{\376\377\000D\000a\000t\000a\000P\000a\000t\000h}{appendix.A}% 40
\BOOKMARK [1][-]{section.A.3}{\376\377\000F\000e\000t\000c\000h\000\040\000S\000t\000a\000g\000e}{appendix.A}% 41
\BOOKMARK [1][-]{section.A.4}{\376\377\000D\000e\000c\000o\000d\000e\000\040\000S\000t\000a\000g\000e}{appendix.A}% 42
\BOOKMARK [1][-]{section.A.5}{\376\377\000E\000x\000e\000c\000u\000t\000e\000\040\000S\000t\000a\000g\000e}{appendix.A}% 43
\BOOKMARK [1][-]{section.A.6}{\376\377\000M\000e\000m\000o\000r\000y\000\040\000a\000n\000d\000\040\000W\000r\000i\000t\000e\000\040\000B\000a\000c\000k\000\040\000S\000t\000a\000g\000e}{appendix.A}% 44
\BOOKMARK [1][-]{section.A.7}{\376\377\000F\000o\000r\000w\000a\000r\000d\000i\000n\000g\000\040\000U\000n\000i\000t}{appendix.A}% 45
\BOOKMARK [0][-]{appendix.B}{\376\377\000U\000s\000e\000r\000\040\000S\000c\000r\000i\000p\000t\000s}{}% 46
\BOOKMARK [1][-]{section.B.1}{\376\377\000P\000u\000p\000i}{appendix.B}% 47
\BOOKMARK [1][-]{section.B.2}{\376\377\000M\000a\000r\000l\000e\000y}{appendix.B}% 48
\BOOKMARK [1][-]{section.B.3}{\376\377\000B\000r\000i\000c\000i\000o\000l\000a}{appendix.B}% 49
\BOOKMARK [1][-]{section.B.4}{\376\377\000S\000c\000o\000r\000z\000e\000t\000t\000a}{appendix.B}% 50
\BOOKMARK [1][-]{section.B.5}{\376\377\000B\000o\000h}{appendix.B}% 51
\BOOKMARK [1][-]{section.B.6}{\376\377\000C\000a\000s\000s\000i\000o\000p\000e\000i\000a}{appendix.B}% 52
\BOOKMARK [0][-]{appendix.C}{\376\377\000T\000C\000L\000\040\000t\000e\000m\000p\000l\000a\000t\000e\000s}{}% 53
\BOOKMARK [1][-]{section.C.1}{\376\377\000S\000i\000m\000u\000a\000l\000t\000i\000o\000n}{appendix.C}% 54
\BOOKMARK [1][-]{section.C.2}{\376\377\000S\000y\000n\000t\000h\000e\000s\000i\000s}{appendix.C}% 55
\BOOKMARK [1][-]{section.C.3}{\376\377\000P\000h\000y\000s\000i\000c\000a\000l\000\040\000D\000e\000s\000i\000g\000n}{appendix.C}% 56
\BOOKMARK [2][-]{subsection.C.3.1}{\376\377\000D\000e\000f\000a\000u\000l\000t\000.\000v\000i\000e\000w}{section.C.3}% 57
\BOOKMARK [2][-]{subsection.C.3.2}{\376\377\000D\000L\000X\000.\000g\000l\000o\000b\000a\000l\000s}{section.C.3}% 58
\BOOKMARK [2][-]{subsection.C.3.3}{\376\377\000P\000h\000y\000s\000i\000c\000a\000l\000\040\000D\000e\000s\000i\000g\000n}{section.C.3}% 59
