\BOOKMARK [0][-]{chapter*.1}{\376\377\000A\000b\000s\000t\000r\000a\000c\000t}{}% 1
\BOOKMARK [0][-]{chapter.1}{\376\377\000I\000n\000t\000r\000o\000d\000u\000c\000t\000i\000o\000n}{}% 2
\BOOKMARK [1][-]{section.1.1}{\376\377\000P\000r\000o\000j\000e\000c\000t\000\040\000O\000b\000j\000e\000c\000t\000i\000v\000e\000s}{chapter.1}% 3
\BOOKMARK [1][-]{section.1.2}{\376\377\000T\000o\000o\000l\000s\000\040\000a\000n\000d\000\040\000T\000e\000c\000h\000n\000o\000l\000o\000g\000i\000e\000s}{chapter.1}% 4
\BOOKMARK [2][-]{subsection.1.2.1}{\376\377\000N\000X\000P\000\040\000S\0003\0002\000K\0003\000X\0008\000E\000V\000B\000\040\000B\000o\000a\000r\000d}{section.1.2}% 5
\BOOKMARK [2][-]{subsection.1.2.2}{\376\377\000Q\000E\000M\000U}{section.1.2}% 6
\BOOKMARK [2][-]{subsection.1.2.3}{\376\377\000F\000r\000e\000e\000R\000T\000O\000S}{section.1.2}% 7
\BOOKMARK [2][-]{subsection.1.2.4}{\376\377\000D\000e\000v\000e\000l\000o\000p\000m\000e\000n\000t\000\040\000E\000n\000v\000i\000r\000o\000n\000m\000e\000n\000t}{section.1.2}% 8
\BOOKMARK [1][-]{section.1.3}{\376\377\000P\000r\000o\000j\000e\000c\000t\000\040\000S\000t\000r\000u\000c\000t\000u\000r\000e}{chapter.1}% 9
\BOOKMARK [1][-]{section.1.4}{\376\377\000N\000X\000P\000\040\000S\0003\0002\000K\0003\000X\0008\000E\000V\000B\000\040\000B\000o\000a\000r\000d\000\040\000O\000v\000e\000r\000v\000i\000e\000w}{chapter.1}% 10
\BOOKMARK [2][-]{subsection.1.4.1}{\376\377\000K\000e\000y\000\040\000A\000d\000d\000r\000e\000s\000s\000e\000s}{section.1.4}% 11
\BOOKMARK [1][-]{section.1.5}{\376\377\000Q\000E\000M\000U\000\040\000O\000v\000e\000r\000v\000i\000e\000w}{chapter.1}% 12
\BOOKMARK [2][-]{subsection.1.5.1}{\376\377\000Q\000E\000M\000U\000\040\000O\000b\000j\000e\000c\000t\000\040\000M\000o\000d\000e\000l\000\040\000-\000\040\000Q\000O\000M}{section.1.5}% 13
\BOOKMARK [2][-]{subsection.1.5.2}{\376\377\000D\000e\000v\000i\000c\000e\000\040\000E\000m\000u\000l\000a\000t\000i\000o\000n}{section.1.5}% 14
\BOOKMARK [1][-]{section.1.6}{\376\377\000Q\000E\000M\000U\000\040\000I\000m\000p\000l\000e\000m\000e\000n\000t\000a\000t\000i\000o\000n}{chapter.1}% 15
\BOOKMARK [2][-]{subsection.1.6.1}{\376\377\000B\000o\000a\000r\000d\000\040\000a\000n\000d\000\040\000M\000C\000U}{section.1.6}% 16
\BOOKMARK [2][-]{subsection.1.6.2}{\376\377\000U\000A\000R\000T}{section.1.6}% 17
\BOOKMARK [2][-]{subsection.1.6.3}{\376\377\000S\000P\000I}{section.1.6}% 18
\BOOKMARK [1][-]{section.1.7}{\376\377\000F\000r\000e\000e\000R\000T\000O\000S\000\040\000P\000o\000r\000t\000i\000n\000g}{chapter.1}% 19
\BOOKMARK [2][-]{subsection.1.7.1}{\376\377\000F\000r\000e\000e\000R\000T\000O\000S\000\040\000L\000i\000n\000k\000e\000r\000\040\000S\000c\000r\000i\000p\000t}{section.1.7}% 20
\BOOKMARK [2][-]{subsection.1.7.2}{\376\377\000F\000r\000e\000e\000R\000T\000O\000S\000\040\000C\000o\000n\000f\000i\000g\000u\000r\000a\000t\000i\000o\000n}{section.1.7}% 21
\BOOKMARK [2][-]{subsection.1.7.3}{\376\377\000P\000e\000r\000i\000p\000h\000e\000r\000a\000l\000\040\000D\000r\000i\000v\000e\000r\000s}{section.1.7}% 22
\BOOKMARK [2][-]{subsection.1.7.4}{\376\377\000T\000e\000s\000t\000\040\000T\000a\000s\000k\000s}{section.1.7}% 23
\BOOKMARK [1][-]{section.1.8}{\376\377\000T\000e\000s\000t\000i\000n\000g\000\040\000a\000n\000d\000\040\000C\000o\000n\000c\000l\000u\000s\000i\000o\000n}{chapter.1}% 24
\BOOKMARK [2][-]{subsection.1.8.1}{\376\377\000Q\000E\000M\000U\000\040\000C\000o\000m\000p\000i\000l\000a\000t\000i\000o\000n\000\040\000a\000n\000d\000\040\000E\000x\000e\000c\000u\000t\000i\000o\000n}{section.1.8}% 25
\BOOKMARK [2][-]{subsection.1.8.2}{\376\377\000F\000r\000e\000e\000R\000T\000O\000S\000\040\000C\000o\000m\000p\000i\000l\000a\000t\000i\000o\000n\000\040\000a\000n\000d\000\040\000E\000x\000e\000c\000u\000t\000i\000o\000n}{section.1.8}% 26
\BOOKMARK [2][-]{subsection.1.8.3}{\376\377\000C\000o\000n\000c\000l\000u\000s\000i\000o\000n}{section.1.8}% 27
\BOOKMARK [0][-]{appendix.A}{\376\377\000Q\000E\000M\000U\000\040\000C\000o\000d\000e}{}% 28
\BOOKMARK [1][-]{section.A.1}{\376\377\000S\0003\0002\000K\0003\000X\0008\000E\000V\000B}{appendix.A}% 29
\BOOKMARK [2][-]{subsection.A.1.1}{\376\377\000H\000e\000a\000d\000e\000r\000\040\000F\000i\000l\000e}{section.A.1}% 30
\BOOKMARK [1][-]{section.A.2}{\376\377\000S\0003\0002\000K\0003\000X\0008\000E\000V\000B\000\040\000-\000\040\000M\000C\000U}{appendix.A}% 31
\BOOKMARK [2][-]{subsection.A.2.1}{\376\377\000H\000e\000a\000d\000e\000r\000\040\000F\000i\000l\000e}{section.A.2}% 32
\BOOKMARK [1][-]{section.A.3}{\376\377\000S\0003\0002\000K\0003\000X\0008\000E\000V\000B\000\040\000-\000\040\000U\000A\000R\000T}{appendix.A}% 33
\BOOKMARK [2][-]{subsection.A.3.1}{\376\377\000H\000e\000a\000d\000e\000r\000\040\000F\000i\000l\000e}{section.A.3}% 34
\BOOKMARK [1][-]{section.A.4}{\376\377\000S\0003\0002\000K\0003\000X\0008\000E\000V\000B\000\040\000-\000\040\000S\000P\000I}{appendix.A}% 35
\BOOKMARK [2][-]{subsection.A.4.1}{\376\377\000H\000e\000a\000d\000e\000r\000\040\000F\000i\000l\000e}{section.A.4}% 36
\BOOKMARK [0][-]{appendix.B}{\376\377\000F\000r\000e\000e\000R\000T\000O\000S\000\040\000C\000o\000d\000e}{}% 37
\BOOKMARK [1][-]{section.B.1}{\376\377\000L\000i\000n\000k\000e\000r\000\040\000S\000c\000r\000i\000p\000t}{appendix.B}% 38
\BOOKMARK [1][-]{section.B.2}{\376\377\000P\000e\000r\000i\000p\000h\000e\000r\000a\000l\000\040\000D\000r\000i\000v\000e\000r\000s}{appendix.B}% 39
\BOOKMARK [2][-]{subsection.B.2.1}{\376\377\000H\000e\000a\000d\000e\000r\000\040\000F\000i\000l\000e}{section.B.2}% 40
\BOOKMARK [1][-]{section.B.3}{\376\377\000F\000r\000e\000e\000R\000T\000O\000S\000\040\000M\000a\000i\000n}{appendix.B}% 41
\BOOKMARK [1][-]{section.B.4}{\376\377\000F\000r\000e\000e\000R\000T\000O\000S\000C\000o\000n\000f\000i\000g}{appendix.B}% 42
\BOOKMARK [1][-]{section.B.5}{\376\377\000M\000a\000k\000e\000f\000i\000l\000e}{appendix.B}% 43
